<?xml version="1.0" encoding="UTF-8"?>
<testsuite xmlns:xsi="http://www.w3.org/2001/XMLSchema-instance" xsi:schemaLocation="https://maven.apache.org/surefire/maven-surefire-plugin/xsd/surefire-test-report.xsd" name="edu.matc.persistence.ProductDaoTest" time="0.026" tests="6" errors="6" skipped="0" failures="0">
  <properties>
    <property name="idea.version" value="2021.2.1"/>
    <property name="java.runtime.name" value="Java(TM) SE Runtime Environment"/>
    <property name="java.vm.version" value="11.0.12+8-LTS-237"/>
    <property name="sun.boot.library.path" value="/Library/Java/JavaVirtualMachines/jdk-11.0.12.jdk/Contents/Home/lib"/>
    <property name="gopherProxySet" value="false"/>
    <property name="maven.multiModuleProjectDirectory" value="/Users/subu/projects/IndieCosmeticProducts"/>
    <property name="java.vm.vendor" value="Oracle Corporation"/>
    <property name="java.vendor.url" value="https://openjdk.java.net/"/>
    <property name="guice.disable.misplaced.annotation.check" value="true"/>
    <property name="path.separator" value=":"/>
    <property name="java.vm.name" value="Java HotSpot(TM) 64-Bit Server VM"/>
    <property name="sun.os.patch.level" value="unknown"/>
    <property name="user.country" value="US"/>
    <property name="sun.java.launcher" value="SUN_STANDARD"/>
    <property name="java.vm.specification.name" value="Java Virtual Machine Specification"/>
    <property name="user.dir" value="/Users/subu/projects/IndieCosmeticProducts"/>
    <property name="java.vm.compressedOopsMode" value="Zero based"/>
    <property name="java.runtime.version" value="11.0.12+8-LTS-237"/>
    <property name="java.awt.graphicsenv" value="sun.awt.CGraphicsEnvironment"/>
    <property name="os.arch" value="x86_64"/>
    <property name="java.io.tmpdir" value="/var/folders/_p/f5qq3gbs1b52yttg2xrx6qv00000gq/T/"/>
    <property name="line.separator" value="&#10;"/>
    <property name="java.vm.specification.vendor" value="Oracle Corporation"/>
    <property name="os.name" value="Mac OS X"/>
    <property name="maven.ext.class.path" value="/Applications/IntelliJ IDEA.app/Contents/plugins/maven/lib/maven-event-listener.jar"/>
    <property name="classworlds.conf" value="/Applications/IntelliJ IDEA.app/Contents/plugins/maven/lib/maven3/bin/m2.conf"/>
    <property name="sun.jnu.encoding" value="UTF-8"/>
    <property name="java.library.path" value="/Users/subu/Library/Java/Extensions:/Library/Java/Extensions:/Network/Library/Java/Extensions:/System/Library/Java/Extensions:/usr/lib/java:."/>
    <property name="maven.conf" value="/Applications/IntelliJ IDEA.app/Contents/plugins/maven/lib/maven3/conf"/>
    <property name="jdk.debug" value="release"/>
    <property name="java.class.version" value="55.0"/>
    <property name="java.specification.name" value="Java Platform API Specification"/>
    <property name="sun.management.compiler" value="HotSpot 64-Bit Tiered Compilers"/>
    <property name="os.version" value="11.1"/>
    <property name="http.nonProxyHosts" value="local|*.local|169.254/16|*.169.254/16"/>
    <property name="user.home" value="/Users/subu"/>
    <property name="user.timezone" value="America/Chicago"/>
    <property name="java.awt.printerjob" value="sun.lwawt.macosx.CPrinterJob"/>
    <property name="file.encoding" value="UTF-8"/>
    <property name="java.specification.version" value="11"/>
    <property name="user.name" value="subu"/>
    <property name="java.class.path" value="/Applications/IntelliJ IDEA.app/Contents/plugins/maven/lib/maven3/boot/plexus-classworlds.license:/Applications/IntelliJ IDEA.app/Contents/plugins/maven/lib/maven3/boot/plexus-classworlds-2.6.0.jar"/>
    <property name="java.vm.specification.version" value="11"/>
    <property name="sun.arch.data.model" value="64"/>
    <property name="sun.java.command" value="org.codehaus.classworlds.Launcher -Didea.version=2021.2.1 install"/>
    <property name="java.home" value="/Library/Java/JavaVirtualMachines/jdk-11.0.12.jdk/Contents/Home"/>
    <property name="user.language" value="en"/>
    <property name="java.specification.vendor" value="Oracle Corporation"/>
    <property name="awt.toolkit" value="sun.lwawt.macosx.LWCToolkit"/>
    <property name="java.vm.info" value="mixed mode"/>
    <property name="java.version" value="11.0.12"/>
    <property name="java.vendor" value="Oracle Corporation"/>
    <property name="maven.home" value="/Applications/IntelliJ IDEA.app/Contents/plugins/maven/lib/maven3"/>
    <property name="file.separator" value="/"/>
    <property name="java.version.date" value="2021-07-20"/>
    <property name="java.vendor.url.bug" value="https://bugreport.java.com/bugreport/"/>
    <property name="sun.io.unicode.encoding" value="UnicodeBig"/>
    <property name="sun.cpu.endian" value="little"/>
    <property name="java.vendor.version" value="18.9"/>
    <property name="socksNonProxyHosts" value="local|*.local|169.254/16|*.169.254/16"/>
    <property name="ftp.nonProxyHosts" value="local|*.local|169.254/16|*.169.254/16"/>
    <property name="sun.cpu.isalist" value=""/>
  </properties>
  <testcase name="deleteSuccess" classname="edu.matc.persistence.ProductDaoTest" time="0.001">
    <error message="Unable to locate persister: edu.matc.entity.Product" type="org.hibernate.UnknownEntityTypeException">org.hibernate.UnknownEntityTypeException: Unable to locate persister: edu.matc.entity.Product
	at edu.matc.persistence.ProductDaoTest.deleteSuccess(ProductDaoTest.java:95)
</error>
  </testcase>
  <testcase name="getByPropertyEqualSuccess" classname="edu.matc.persistence.ProductDaoTest" time="0">
    <error message="Not an entity: class edu.matc.entity.Product" type="java.lang.IllegalArgumentException">java.lang.IllegalArgumentException: Not an entity: class edu.matc.entity.Product
	at edu.matc.persistence.ProductDaoTest.getByPropertyEqualSuccess(ProductDaoTest.java:120)
</error>
  </testcase>
  <testcase name="getByIdSuccess" classname="edu.matc.persistence.ProductDaoTest" time="0.001">
    <error message="Unable to locate persister: edu.matc.entity.Product" type="org.hibernate.UnknownEntityTypeException">org.hibernate.UnknownEntityTypeException: Unable to locate persister: edu.matc.entity.Product
	at edu.matc.persistence.ProductDaoTest.getByIdSuccess(ProductDaoTest.java:65)
</error>
  </testcase>
  <testcase name="getAllProductsSuccess" classname="edu.matc.persistence.ProductDaoTest" time="0">
    <error message="Not an entity: class edu.matc.entity.Product" type="java.lang.IllegalArgumentException">java.lang.IllegalArgumentException: Not an entity: class edu.matc.entity.Product
	at edu.matc.persistence.ProductDaoTest.getAllProductsSuccess(ProductDaoTest.java:55)
</error>
  </testcase>
  <testcase name="updateSuccess" classname="edu.matc.persistence.ProductDaoTest" time="0">
    <error message="Unable to locate persister: edu.matc.entity.Product" type="org.hibernate.UnknownEntityTypeException">org.hibernate.UnknownEntityTypeException: Unable to locate persister: edu.matc.entity.Product
	at edu.matc.persistence.ProductDaoTest.updateSuccess(ProductDaoTest.java:107)
</error>
  </testcase>
  <testcase name="insertSuccess" classname="edu.matc.persistence.ProductDaoTest" time="0.024">
    <error message="Unknown entity: edu.matc.entity.Product" type="org.hibernate.MappingException">org.hibernate.MappingException: Unknown entity: edu.matc.entity.Product
	at edu.matc.persistence.ProductDaoTest.insertSuccess(ProductDaoTest.java:80)
</error>
  </testcase>
</testsuite>